This file contains any messages produced by compilers while
running configure, to aid debugging if configure makes a mistake.

It was created by configure, which was
generated by GNU Autoconf 2.52.  Invocation command line was

  $ ./configure 

## ---------- ##
## Platform.  ##
## ---------- ##

hostname = bjorn-magnus-mathisens-macbook-pro.local
uname -m = i386
uname -r = 9.4.0
uname -s = Darwin
uname -v = Darwin Kernel Version 9.4.0: Mon Jun  9 19:30:53 PDT 2008; root:xnu-1228.5.20~1/RELEASE_I386

/usr/bin/uname -p = i386
/bin/uname -X     = unknown

/bin/arch              = unknown
/usr/bin/arch -k       = unknown
/usr/convex/getsysinfo = unknown
hostinfo               = Mach kernel version:
	 Darwin Kernel Version 9.4.0: Mon Jun  9 19:30:53 PDT 2008; root:xnu-1228.5.20~1/RELEASE_I386
Kernel configured for up to 2 processors.
2 processors are physically available.
2 processors are logically available.
Processor type: i486 (Intel 80486)
Processors active: 0 1
Primary memory available: 4.00 gigabytes
Default processor set: 85 tasks, 304 threads, 2 processors
Load average: 2.14, Mach factor: 0.79
/bin/machine           = unknown
/usr/bin/oslevel       = unknown
/bin/universe          = unknown

PATH = /Users/epic/local/bin:/Developer/Tools/Qt:/usr/local/cuda/bin:/opt/local/bin:/opt/local/sbin:/usr/local/mysql/bin:/usr/bin:/bin:/usr/sbin:/sbin:/usr/local/bin:/usr/X11/bin

## ------------ ##
## Core tests.  ##
## ------------ ##

configure:949: PATH=".;."; conftest.sh
./configure: line 950: conftest.sh: command not found
configure:952: $? = 127
configure:1000: checking for a BSD compatible install
configure:1049: result: /usr/bin/install -c
configure:1060: checking whether build environment is sane
configure:1103: result: yes
configure:1136: checking for mawk
configure:1162: result: no
configure:1136: checking for gawk
configure:1162: result: no
configure:1136: checking for nawk
configure:1162: result: no
configure:1136: checking for awk
configure:1151: found /usr/bin/awk
configure:1159: result: awk
configure:1169: checking whether make sets ${MAKE}
configure:1189: result: yes
configure:1283: checking whether to enable maintainer-specific portions of Makefiles
configure:1292: result: no
configure:1442: checking for gcc
configure:1457: found /usr/bin/gcc
configure:1465: result: gcc
configure:1693: checking for C compiler version
configure:1696: gcc --version </dev/null >&5
i686-apple-darwin9-gcc-4.0.1 (GCC) 4.0.1 (Apple Inc. build 5465)
Copyright (C) 2005 Free Software Foundation, Inc.
This is free software; see the source for copying conditions.  There is NO
warranty; not even for MERCHANTABILITY or FITNESS FOR A PARTICULAR PURPOSE.

configure:1699: $? = 0
configure:1701: gcc -v </dev/null >&5
Using built-in specs.
Target: i686-apple-darwin9
Configured with: /var/tmp/gcc/gcc-5465~16/src/configure --disable-checking -enable-werror --prefix=/usr --mandir=/share/man --enable-languages=c,objc,c++,obj-c++ --program-transform-name=/^[cg][^.-]*$/s/$/-4.0/ --with-gxx-include-dir=/include/c++/4.0.0 --with-slibdir=/usr/lib --build=i686-apple-darwin9 --with-arch=apple --with-tune=generic --host=i686-apple-darwin9 --target=i686-apple-darwin9
Thread model: posix
gcc version 4.0.1 (Apple Inc. build 5465)
configure:1704: $? = 0
configure:1706: gcc -V </dev/null >&5
gcc-4.0: argument to `-V' is missing
configure:1709: $? = 1
configure:1729: checking for C compiler default output
configure:1732: gcc    conftest.c  >&5
configure:1735: $? = 0
configure:1764: result: a.out
configure:1769: checking whether the C compiler works
configure:1775: ./a.out
configure:1778: $? = 0
configure:1793: result: yes
configure:1800: checking whether we are cross compiling
configure:1802: result: no
configure:1805: checking for executable suffix
configure:1807: gcc -o conftest    conftest.c  >&5
configure:1810: $? = 0
configure:1832: result: 
configure:1838: checking for object suffix
configure:1856: gcc -c   conftest.c >&5
configure:1859: $? = 0
configure:1878: result: o
configure:1882: checking whether we are using the GNU C compiler
configure:1903: gcc -c   conftest.c >&5
configure:1906: $? = 0
configure:1909: test -s conftest.o
configure:1912: $? = 0
configure:1924: result: yes
configure:1930: checking whether gcc accepts -g
configure:1948: gcc -c -g  conftest.c >&5
configure:1951: $? = 0
configure:1954: test -s conftest.o
configure:1957: $? = 0
configure:1967: result: yes
configure:1994: gcc -c -g -O2  conftest.c >&5
conftest.c:2: error: syntax error before 'me'
configure:1997: $? = 1
configure: failed program was:
#ifndef __cplusplus
  choke me
#endif
configure:2103: checking for style of include used by make
configure:2130: result: GNU
configure:2136: checking dependency style of gcc
configure:2198: result: gcc3
configure:2202: checking for library containing pow
configure:2229: gcc -o conftest -g -O2   conftest.c  >&5
configure:2218: warning: conflicting types for built-in function 'pow'
configure:2232: $? = 0
configure:2235: test -s conftest
configure:2238: $? = 0
configure:2291: result: none required
configure:2298: checking for mingw32
configure:2316: gcc -c -g -O2  conftest.c >&5
configure: In function 'main':
configure:2310: error: '__MINGW32__' undeclared (first use in this function)
configure:2310: error: (Each undeclared identifier is reported only once
configure:2310: error: for each function it appears in.)
configure:2319: $? = 1
configure: failed program was:
#line 2304 "configure"
#include "confdefs.h"

int
main ()
{
return __MINGW32__
  ;
  return 0;
}
configure:2336: result: no
configure:2444: checking how to run the C preprocessor
configure:2470: gcc -E  conftest.c
configure:2476: $? = 0
configure:2503: gcc -E  conftest.c
configure:2500:28: error: ac_nonexistent.h: No such file or directory
configure:2509: $? = 1
configure: failed program was:
#line 2499 "configure"
#include "confdefs.h"
#include <ac_nonexistent.h>
configure:2546: result: gcc -E
configure:2561: gcc -E  conftest.c
configure:2567: $? = 0
configure:2594: gcc -E  conftest.c
configure:2591:28: error: ac_nonexistent.h: No such file or directory
configure:2600: $? = 1
configure: failed program was:
#line 2590 "configure"
#include "confdefs.h"
#include <ac_nonexistent.h>
configure:2677: checking for ranlib
configure:2692: found /usr/bin/ranlib
configure:2701: result: ranlib
configure:2713: checking whether make sets ${MAKE}
configure:2733: result: yes
configure:2742: checking whether sys/types.h defines makedev
configure:2761: gcc -o conftest -g -O2   conftest.c  >&5
configure:2764: $? = 0
configure:2767: test -s conftest
configure:2770: $? = 0
configure:2781: result: yes
configure:2879: checking whether time.h and sys/time.h may both be included
configure:2901: gcc -c -g -O2  conftest.c >&5
configure:2904: $? = 0
configure:2907: test -s conftest.o
configure:2910: $? = 0
configure:2920: result: yes
configure:2930: checking for gcc option to accept ANSI C
configure:2987: gcc  -c -g -O2  conftest.c >&5
configure:2990: $? = 0
configure:2993: test -s conftest.o
configure:2996: $? = 0
configure:3013: result: none needed
configure:3021: checking for an ANSI C-conforming const
configure:3085: gcc -c -g -O2  conftest.c >&5
configure:3088: $? = 0
configure:3091: test -s conftest.o
configure:3094: $? = 0
configure:3104: result: yes
configure:3117: checking for unistd.h
configure:3127: gcc -E  conftest.c
configure:3133: $? = 0
configure:3152: result: yes
configure:3117: checking for sys/time.h
configure:3127: gcc -E  conftest.c
configure:3133: $? = 0
configure:3152: result: yes
configure:3117: checking for sys/times.h
configure:3127: gcc -E  conftest.c
configure:3133: $? = 0
configure:3152: result: yes
configure:3165: checking for curses.h
configure:3175: gcc -E  conftest.c
configure:3181: $? = 0
configure:3200: result: yes
configure:3165: checking for term.h
configure:3175: gcc -E  conftest.c
configure:3181: $? = 0
configure:3200: result: yes
configure:3165: checking for ncurses/curses.h
configure:3175: gcc -E  conftest.c
configure:3172:28: error: ncurses/curses.h: No such file or directory
configure:3181: $? = 1
configure: failed program was:
#line 3171 "configure"
#include "confdefs.h"
#include <ncurses/curses.h>
configure:3200: result: no
configure:3165: checking for ncurses/term.h
configure:3175: gcc -E  conftest.c
configure:3172:26: error: ncurses/term.h: No such file or directory
configure:3181: $? = 1
configure: failed program was:
#line 3171 "configure"
#include "confdefs.h"
#include <ncurses/term.h>
configure:3200: result: no
configure:3226: checking for long
configure:3248: gcc -c -g -O2  conftest.c >&5
configure:3251: $? = 0
configure:3254: test -s conftest.o
configure:3257: $? = 0
configure:3267: result: yes
configure:3270: checking size of long
configure:3439: gcc -o conftest -g -O2   conftest.c  >&5
configure: In function 'main':
configure:3430: warning: incompatible implicit declaration of built-in function 'exit'
configure:3442: $? = 0
configure:3444: ./conftest
configure:3447: $? = 0
configure:3463: result: 4
configure:3472: checking for vsnprintf
configure:3509: gcc -o conftest -g -O2   conftest.c  >&5
configure:3488: warning: conflicting types for built-in function 'vsnprintf'
configure:3512: $? = 0
configure:3515: test -s conftest
configure:3518: $? = 0
configure:3528: result: yes
configure:3472: checking for gettimeofday
configure:3509: gcc -o conftest -g -O2   conftest.c  >&5
configure:3512: $? = 0
configure:3515: test -s conftest
configure:3518: $? = 0
configure:3528: result: yes
configure:3472: checking for usleep
configure:3509: gcc -o conftest -g -O2   conftest.c  >&5
configure:3512: $? = 0
configure:3515: test -s conftest
configure:3518: $? = 0
configure:3528: result: yes
configure:3472: checking for times
configure:3509: gcc -o conftest -g -O2   conftest.c  >&5
configure:3512: $? = 0
configure:3515: test -s conftest
configure:3518: $? = 0
configure:3528: result: yes
configure:3711: checking for variadic cpp define
configure:3730: gcc -c -g -O2  conftest.c >&5
configure:3733: $? = 0
configure:3736: test -s conftest.o
configure:3739: $? = 0
configure:3750: result: yes
configure:3759: checking whether gcc supports transparent unions
configure:3783: gcc -c -g -O2  conftest.c >&5
configure: In function 'main':
configure:3775: warning: no semicolon at end of struct or union
configure:3786: $? = 0
configure:3789: test -s conftest.o
configure:3792: $? = 0
configure:3803: result: yes
configure:3814: checking for library containing initscr
configure:3841: gcc -o conftest -g -O2   conftest.c  >&5
Undefined symbols:
  "_initscr", referenced from:
      _main in ccRlxkI7.o
ld: symbol(s) not found
collect2: ld returned 1 exit status
configure:3844: $? = 1
configure: failed program was:
#line 3822 "configure"
#include "confdefs.h"

/* Override any gcc2 internal prototype to avoid an error.  */
#ifdef __cplusplus
extern "C"
#endif
/* We use char because int might match the return type of a gcc2
   builtin and then its argument prototype would still apply.  */
char initscr ();
int
main ()
{
initscr ();
  ;
  return 0;
}
configure:3881: gcc -o conftest -g -O2   conftest.c -lncurses   >&5
configure:3884: $? = 0
configure:3887: test -s conftest
configure:3890: $? = 0
configure:3903: result: -lncurses
configure:3918: checking for vwprintw
configure:3955: gcc -o conftest -g -O2   conftest.c -lncurses  >&5
configure:3958: $? = 0
configure:3961: test -s conftest
configure:3964: $? = 0
configure:3974: result: yes
configure:3918: checking for keypad
configure:3955: gcc -o conftest -g -O2   conftest.c -lncurses  >&5
configure:3958: $? = 0
configure:3961: test -s conftest
configure:3964: $? = 0
configure:3974: result: yes
configure:3984: checking for KEY_UP
configure:4002: gcc -c -g -O2  conftest.c >&5
configure:4005: $? = 0
configure:4008: test -s conftest.o
configure:4011: $? = 0
configure:4022: result: yes
configure:4040: checking for library containing tparm
configure:4067: gcc -o conftest -g -O2   conftest.c -lncurses  >&5
configure:4070: $? = 0
configure:4073: test -s conftest
configure:4076: $? = 0
configure:4129: result: none required
configure:4155: checking for color support
configure:4157: result: curses
configure:4406: creating ./config.status

## ----------------------- ##
## Running config.status.  ##
## ----------------------- ##

This file was extended by config.status 2.52, executed with
  CONFIG_FILES    = 
  CONFIG_HEADERS  = 
  CONFIG_LINKS    = 
  CONFIG_COMMANDS = 
  > ./config.status 
on bjorn-magnus-mathisens-macbook-pro.local

config.status:4896: creating Makefile
config.status:4896: creating interface/Makefile
config.status:4896: creating patterns/Makefile
config.status:4896: creating sgf/Makefile
config.status:4896: creating utils/Makefile
config.status:4896: creating engine/Makefile
config.status:4896: creating doc/Makefile
config.status:4896: creating regression/Makefile
config.status:4896: creating interface/debugboard/Makefile
config.status:4896: creating config.vc
config.status:4988: creating config.h
config.status:5129: config.h is unchanged

## ----------------- ##
## Cache variables.  ##
## ----------------- ##

ac_cv_c_compiler_gnu=yes
ac_cv_c_const=yes
ac_cv_env_CC_set=
ac_cv_env_CC_value=
ac_cv_env_CFLAGS_set=
ac_cv_env_CFLAGS_value=
ac_cv_env_CPPFLAGS_set=
ac_cv_env_CPPFLAGS_value=
ac_cv_env_CPP_set=
ac_cv_env_CPP_value=
ac_cv_env_LDFLAGS_set=
ac_cv_env_LDFLAGS_value=
ac_cv_env_build_alias_set=
ac_cv_env_build_alias_value=
ac_cv_env_host_alias_set=
ac_cv_env_host_alias_value=
ac_cv_env_target_alias_set=
ac_cv_env_target_alias_value=
ac_cv_func_gettimeofday=yes
ac_cv_func_keypad=yes
ac_cv_func_times=yes
ac_cv_func_usleep=yes
ac_cv_func_vsnprintf=yes
ac_cv_func_vwprintw=yes
ac_cv_header_curses_h=yes
ac_cv_header_ncurses_curses_h=no
ac_cv_header_ncurses_term_h=no
ac_cv_header_sys_time_h=yes
ac_cv_header_sys_times_h=yes
ac_cv_header_sys_types_h_makedev=yes
ac_cv_header_term_h=yes
ac_cv_header_time=yes
ac_cv_header_unistd_h=yes
ac_cv_mingw32=no
ac_cv_objext=o
ac_cv_path_install='/usr/bin/install -c'
ac_cv_prog_AWK=awk
ac_cv_prog_CPP='gcc -E'
ac_cv_prog_ac_ct_CC=gcc
ac_cv_prog_ac_ct_RANLIB=ranlib
ac_cv_prog_cc_g=yes
ac_cv_prog_cc_stdc=
ac_cv_prog_make_make_set=yes
ac_cv_search_initscr=-lncurses
ac_cv_search_pow='none required'
ac_cv_search_tparm='none required'
ac_cv_sizeof_long=4
ac_cv_type_long=yes
am_cv_CC_dependencies_compiler_type=gcc3
gnugo_cv_cpp_variadic_define=yes
gnugo_cv_decl_key_up=yes
gnugo_cv_transparent_unions=yes

## ------------ ##
## confdefs.h.  ##
## ------------ ##

#define PACKAGE "gnugo"
#define VERSION "3.6"
#define GNU_PACKAGE "GNU gnugo"
#define TIME_WITH_SYS_TIME 1
#define HAVE_UNISTD_H 1
#define HAVE_SYS_TIME_H 1
#define HAVE_SYS_TIMES_H 1
#define HAVE_CURSES_H 1
#define HAVE_TERM_H 1
#define SIZEOF_LONG 4
#define HAVE_VSNPRINTF 1
#define HAVE_GETTIMEOFDAY 1
#define HAVE_USLEEP 1
#define HAVE_TIMES 1
#define HAVE_VARIADIC_DEFINE 1
#define HAVE_TRANSPARENT_UNIONS 1
#define CURSES 1
#define HAVE_VWPRINTW 1
#define HAVE_KEYPAD 1
#define HAVE_CURSES_ARROWS 1
#define TERMINFO 1
#define DEFAULT_MEMORY 8
#define DEFAULT_LEVEL 10
#define OWL_NODE_LIMIT 1000
#define SEMEAI_NODE_LIMIT 500
#define GNUGO_PATH "/Users/epic/Documents/svn/neatzsche/3rdparty/gnugo-3.6"
#define CHINESE_RULES 0
#define RESIGNATION_ALLOWED 1
#define ORACLE 0
#define USE_BREAK_IN 1
#define COSMIC_GNUGO 0
#define LARGE_SCALE 0
#define USE_VALGRIND 0


configure: exit 0

## ----------------------- ##
## Running config.status.  ##
## ----------------------- ##

This file was extended by config.status 2.52, executed with
  CONFIG_FILES    = 
  CONFIG_HEADERS  = config.h
  CONFIG_LINKS    = 
  CONFIG_COMMANDS = 
  > ./config.status 
on bjorn-magnus-mathisens-macbook-pro.local

config.status:4988: creating config.h
config.status:5129: config.h is unchanged
